<!DOCTYPE html>

<html>
  <head>
  <meta charset='utf-8'>
  <title>TestNG reports</title>

    <link type="text/css" href="testng-reports.css" rel="stylesheet" />  
    <script type="text/javascript" src="jquery-1.7.1.min.js"></script>
    <script type="text/javascript" src="testng-reports.js"></script>
    <script type="text/javascript" src="https://www.google.com/jsapi"></script>
    <script type='text/javascript'>
      google.load('visualization', '1', {packages:['table']});
      google.setOnLoadCallback(drawTable);
      var suiteTableInitFunctions = new Array();
      var suiteTableData = new Array();
    </script>
    <!--
      <script type="text/javascript" src="jquery-ui/js/jquery-ui-1.8.16.custom.min.js"></script>
     -->
  </head>

  <body>
    <div class="top-banner-root">
      <span class="top-banner-title-font">Test results</span>
      <br/>
      <span class="top-banner-font-1">1 suite, 1 failed test</span>
    </div> <!-- top-banner-root -->
    <div class="navigator-root">
      <div class="navigator-suite-header">
        <span>All suites</span>
        <a href="#" class="collapse-all-link" title="Collapse/expand all the suites">
          <img class="collapse-all-icon" src="collapseall.gif">
          </img> <!-- collapse-all-icon -->
        </a> <!-- collapse-all-link -->
      </div> <!-- navigator-suite-header -->
      <div class="suite">
        <div class="rounded-window">
          <div class="suite-header light-rounded-window-top">
            <a href="#" class="navigator-link" panel-name="suite-FreshWorks_App_Sanity_Test_Suite">
              <span class="suite-name border-failed">FreshWorks App Sanity Test Suite</span>
            </a> <!-- navigator-link -->
          </div> <!-- suite-header light-rounded-window-top -->
          <div class="navigator-suite-content">
            <div class="suite-section-title">
              <span>Info</span>
            </div> <!-- suite-section-title -->
            <div class="suite-section-content">
              <ul>
                <li>
                  <a href="#" class="navigator-link " panel-name="test-xml-FreshWorks_App_Sanity_Test_Suite">
                    <span>E:\eclipse workspace\July2021SeleniumProject\src\test\resources\testrunners\testng_sanity.xml</span>
                  </a> <!-- navigator-link  -->
                </li>
                <li>
                  <a href="#" class="navigator-link " panel-name="testlist-FreshWorks_App_Sanity_Test_Suite">
                    <span class="test-stats">1 test</span>
                  </a> <!-- navigator-link  -->
                </li>
                <li>
                  <a href="#" class="navigator-link " panel-name="group-FreshWorks_App_Sanity_Test_Suite">
                    <span>0 groups</span>
                  </a> <!-- navigator-link  -->
                </li>
                <li>
                  <a href="#" class="navigator-link " panel-name="times-FreshWorks_App_Sanity_Test_Suite">
                    <span>Times</span>
                  </a> <!-- navigator-link  -->
                </li>
                <li>
                  <a href="#" class="navigator-link " panel-name="reporter-FreshWorks_App_Sanity_Test_Suite">
                    <span>Reporter output</span>
                  </a> <!-- navigator-link  -->
                </li>
                <li>
                  <a href="#" class="navigator-link " panel-name="ignored-methods-FreshWorks_App_Sanity_Test_Suite">
                    <span>Ignored methods</span>
                  </a> <!-- navigator-link  -->
                </li>
                <li>
                  <a href="#" class="navigator-link " panel-name="chronological-FreshWorks_App_Sanity_Test_Suite">
                    <span>Chronological view</span>
                  </a> <!-- navigator-link  -->
                </li>
              </ul>
            </div> <!-- suite-section-content -->
            <div class="result-section">
              <div class="suite-section-title">
                <span>Results</span>
              </div> <!-- suite-section-title -->
              <div class="suite-section-content">
                <ul>
                  <li>
                    <span class="method-stats">4 methods, 1 failed,   3 passed</span>
                  </li>
                  <li>
                    <span class="method-list-title failed">Failed methods</span>
                    <span class="show-or-hide-methods failed">
                      <a href="#" panel-name="suite-FreshWorks_App_Sanity_Test_Suite" class="hide-methods failed suite-FreshWorks_App_Sanity_Test_Suite"> (hide)</a> <!-- hide-methods failed suite-FreshWorks_App_Sanity_Test_Suite -->
                      <a href="#" panel-name="suite-FreshWorks_App_Sanity_Test_Suite" class="show-methods failed suite-FreshWorks_App_Sanity_Test_Suite"> (show)</a> <!-- show-methods failed suite-FreshWorks_App_Sanity_Test_Suite -->
                    </span>
                    <div class="method-list-content failed suite-FreshWorks_App_Sanity_Test_Suite">
                      <span>
                        <img width="3%" src="failed.png"/>
                        <a href="#" class="method navigator-link" panel-name="suite-FreshWorks_App_Sanity_Test_Suite" title="com.qa.freshworks.tests.LoginPageTest" hash-for-method="doLoginTest">doLoginTest</a> <!-- method navigator-link -->
                      </span>
                      <br/>
                    </div> <!-- method-list-content failed suite-FreshWorks_App_Sanity_Test_Suite -->
                  </li>
                  <li>
                    <span class="method-list-title passed">Passed methods</span>
                    <span class="show-or-hide-methods passed">
                      <a href="#" panel-name="suite-FreshWorks_App_Sanity_Test_Suite" class="hide-methods passed suite-FreshWorks_App_Sanity_Test_Suite"> (hide)</a> <!-- hide-methods passed suite-FreshWorks_App_Sanity_Test_Suite -->
                      <a href="#" panel-name="suite-FreshWorks_App_Sanity_Test_Suite" class="show-methods passed suite-FreshWorks_App_Sanity_Test_Suite"> (show)</a> <!-- show-methods passed suite-FreshWorks_App_Sanity_Test_Suite -->
                    </span>
                    <div class="method-list-content passed suite-FreshWorks_App_Sanity_Test_Suite">
                      <span>
                        <img width="3%" src="passed.png"/>
                        <a href="#" class="method navigator-link" panel-name="suite-FreshWorks_App_Sanity_Test_Suite" title="com.qa.freshworks.tests.LoginPageTest" hash-for-method="verifyLoginPageLogoTest">verifyLoginPageLogoTest</a> <!-- method navigator-link -->
                      </span>
                      <br/>
                      <span>
                        <img width="3%" src="passed.png"/>
                        <a href="#" class="method navigator-link" panel-name="suite-FreshWorks_App_Sanity_Test_Suite" title="com.qa.freshworks.tests.LoginPageTest" hash-for-method="verifyLoginPageTitleTest">verifyLoginPageTitleTest</a> <!-- method navigator-link -->
                      </span>
                      <br/>
                      <span>
                        <img width="3%" src="passed.png"/>
                        <a href="#" class="method navigator-link" panel-name="suite-FreshWorks_App_Sanity_Test_Suite" title="com.qa.freshworks.tests.LoginPageTest" hash-for-method="verifyTermsLinkTest">verifyTermsLinkTest</a> <!-- method navigator-link -->
                      </span>
                      <br/>
                    </div> <!-- method-list-content passed suite-FreshWorks_App_Sanity_Test_Suite -->
                  </li>
                </ul>
              </div> <!-- suite-section-content -->
            </div> <!-- result-section -->
          </div> <!-- navigator-suite-content -->
        </div> <!-- rounded-window -->
      </div> <!-- suite -->
    </div> <!-- navigator-root -->
    <div class="wrapper">
      <div class="main-panel-root">
        <div panel-name="suite-FreshWorks_App_Sanity_Test_Suite" class="panel FreshWorks_App_Sanity_Test_Suite">
          <div class="suite-FreshWorks_App_Sanity_Test_Suite-class-failed">
            <div class="main-panel-header rounded-window-top">
              <img src="failed.png"/>
              <span class="class-name">com.qa.freshworks.tests.LoginPageTest</span>
            </div> <!-- main-panel-header rounded-window-top -->
            <div class="main-panel-content rounded-window-bottom">
              <div class="method">
                <div class="method-content">
                  <a name="doLoginTest">
                  </a> <!-- doLoginTest -->
                  <span class="method-name">doLoginTest</span>
                  <div class="stack-trace">org.openqa.selenium.TimeoutException: Expected condition failed: waiting for presence of element located by: By.xpath: //h4[text()=&apos;Test Animation&apos;] (tried for 30 second(s) with 500 milliseconds interval)
	at org.openqa.selenium.support.ui.WebDriverWait.timeoutException(WebDriverWait.java:95)
	at org.openqa.selenium.support.ui.FluentWait.until(FluentWait.java:272)
	at com.qa.freshworks.util.ElementActions.waitForElementPresent(ElementActions.java:68)
	at com.qa.freshworks.pages.HomePage.getLoggedInUserName(HomePage.java:47)
	at com.qa.freshworks.tests.LoginPageTest.doLoginTest(LoginPageTest.java:77)
	at sun.reflect.NativeMethodAccessorImpl.invoke0(Native Method)
	at sun.reflect.NativeMethodAccessorImpl.invoke(NativeMethodAccessorImpl.java:62)
	at sun.reflect.DelegatingMethodAccessorImpl.invoke(DelegatingMethodAccessorImpl.java:43)
	at java.lang.reflect.Method.invoke(Method.java:498)
	at org.testng.internal.MethodInvocationHelper.invokeMethod(MethodInvocationHelper.java:86)
	at org.testng.internal.Invoker.invokeMethod(Invoker.java:643)
	at org.testng.internal.Invoker.invokeTestMethod(Invoker.java:820)
	at org.testng.internal.Invoker.invokeTestMethods(Invoker.java:1128)
	at org.testng.internal.TestMethodWorker.invokeTestMethods(TestMethodWorker.java:129)
	at org.testng.internal.TestMethodWorker.run(TestMethodWorker.java:112)
	at org.testng.TestRunner.privateRun(TestRunner.java:782)
	at org.testng.TestRunner.run(TestRunner.java:632)
	at org.testng.SuiteRunner.runTest(SuiteRunner.java:366)
	at org.testng.SuiteRunner.runSequentially(SuiteRunner.java:361)
	at org.testng.SuiteRunner.privateRun(SuiteRunner.java:319)
	at org.testng.SuiteRunner.run(SuiteRunner.java:268)
	at org.testng.SuiteRunnerWorker.runSuite(SuiteRunnerWorker.java:52)
	at org.testng.SuiteRunnerWorker.run(SuiteRunnerWorker.java:86)
	at org.testng.TestNG.runSuitesSequentially(TestNG.java:1244)
	at org.testng.TestNG.runSuitesLocally(TestNG.java:1169)
	at org.testng.TestNG.run(TestNG.java:1064)
	at org.apache.maven.surefire.testng.TestNGExecutor.run(TestNGExecutor.java:283)
	at org.apache.maven.surefire.testng.TestNGXmlTestSuite.execute(TestNGXmlTestSuite.java:75)
	at org.apache.maven.surefire.testng.TestNGProvider.invoke(TestNGProvider.java:120)
	at org.apache.maven.surefire.booter.ForkedBooter.invokeProviderInSameClassLoader(ForkedBooter.java:386)
	at org.apache.maven.surefire.booter.ForkedBooter.runSuitesInProcess(ForkedBooter.java:323)
	at org.apache.maven.surefire.booter.ForkedBooter.main(ForkedBooter.java:143)
Caused by: org.openqa.selenium.NoSuchElementException: no such element: Unable to locate element: {&quot;method&quot;:&quot;xpath&quot;,&quot;selector&quot;:&quot;//h4[text()=&apos;Test Animation&apos;]&quot;}
  (Session info: chrome=91.0.4472.124)
For documentation on this error, please visit: https://www.seleniumhq.org/exceptions/no_such_element.html
Build info: version: &apos;3.141.59&apos;, revision: &apos;e82be7d358&apos;, time: &apos;2018-11-14T08:17:03&apos;
System info: host: &apos;KHAJAZAKIUDDIN&apos;, ip: &apos;192.168.29.169&apos;, os.name: &apos;Windows 7&apos;, os.arch: &apos;amd64&apos;, os.version: &apos;6.1&apos;, java.version: &apos;1.8.0_131&apos;
Driver info: org.openqa.selenium.chrome.ChromeDriver
Capabilities {acceptInsecureCerts: false, browserName: chrome, browserVersion: 91.0.4472.124, chrome: {chromedriverVersion: 91.0.4472.101 (af52a90bf870..., userDataDir: C:\Users\KHAJAZ~1\AppData\L...}, goog:chromeOptions: {debuggerAddress: localhost:56557}, javascriptEnabled: true, networkConnectionEnabled: false, pageLoadStrategy: normal, platform: WINDOWS, platformName: WINDOWS, proxy: Proxy(), setWindowRect: true, strictFileInteractability: false, timeouts: {implicit: 0, pageLoad: 300000, script: 30000}, unhandledPromptBehavior: dismiss and notify, webauthn:extension:largeBlob: true, webauthn:virtualAuthenticators: true}
Session ID: ee2c340ec0de342ac3148c97b9bea666
*** Element info: {Using=xpath, value=//h4[text()=&apos;Test Animation&apos;]}
	at sun.reflect.GeneratedConstructorAccessor11.newInstance(Unknown Source)
	at sun.reflect.DelegatingConstructorAccessorImpl.newInstance(DelegatingConstructorAccessorImpl.java:45)
	at java.lang.reflect.Constructor.newInstance(Constructor.java:423)
	at org.openqa.selenium.remote.http.W3CHttpResponseCodec.createException(W3CHttpResponseCodec.java:187)
	at org.openqa.selenium.remote.http.W3CHttpResponseCodec.decode(W3CHttpResponseCodec.java:122)
	at org.openqa.selenium.remote.http.W3CHttpResponseCodec.decode(W3CHttpResponseCodec.java:49)
	at org.openqa.selenium.remote.HttpCommandExecutor.execute(HttpCommandExecutor.java:158)
	at org.openqa.selenium.remote.service.DriverCommandExecutor.execute(DriverCommandExecutor.java:83)
	at org.openqa.selenium.remote.RemoteWebDriver.execute(RemoteWebDriver.java:552)
	at org.openqa.selenium.remote.RemoteWebDriver.findElement(RemoteWebDriver.java:323)
	at org.openqa.selenium.remote.RemoteWebDriver.findElementByXPath(RemoteWebDriver.java:428)
	at org.openqa.selenium.By$ByXPath.findElement(By.java:353)
	at org.openqa.selenium.remote.RemoteWebDriver.findElement(RemoteWebDriver.java:315)
	at org.openqa.selenium.support.ui.ExpectedConditions$6.apply(ExpectedConditions.java:182)
	at org.openqa.selenium.support.ui.ExpectedConditions$6.apply(ExpectedConditions.java:179)
	at org.openqa.selenium.support.ui.FluentWait.until(FluentWait.java:249)
	... 30 more

</div> <!-- stack-trace -->
                </div> <!-- method-content -->
              </div> <!-- method -->
            </div> <!-- main-panel-content rounded-window-bottom -->
          </div> <!-- suite-FreshWorks_App_Sanity_Test_Suite-class-failed -->
          <div class="suite-FreshWorks_App_Sanity_Test_Suite-class-passed">
            <div class="main-panel-header rounded-window-top">
              <img src="passed.png"/>
              <span class="class-name">com.qa.freshworks.tests.LoginPageTest</span>
            </div> <!-- main-panel-header rounded-window-top -->
            <div class="main-panel-content rounded-window-bottom">
              <div class="method">
                <div class="method-content">
                  <a name="verifyLoginPageLogoTest">
                  </a> <!-- verifyLoginPageLogoTest -->
                  <span class="method-name">verifyLoginPageLogoTest</span>
                </div> <!-- method-content -->
              </div> <!-- method -->
              <div class="method">
                <div class="method-content">
                  <a name="verifyLoginPageTitleTest">
                  </a> <!-- verifyLoginPageTitleTest -->
                  <span class="method-name">verifyLoginPageTitleTest</span>
                </div> <!-- method-content -->
              </div> <!-- method -->
              <div class="method">
                <div class="method-content">
                  <a name="verifyTermsLinkTest">
                  </a> <!-- verifyTermsLinkTest -->
                  <span class="method-name">verifyTermsLinkTest</span>
                </div> <!-- method-content -->
              </div> <!-- method -->
            </div> <!-- main-panel-content rounded-window-bottom -->
          </div> <!-- suite-FreshWorks_App_Sanity_Test_Suite-class-passed -->
        </div> <!-- panel FreshWorks_App_Sanity_Test_Suite -->
        <div panel-name="test-xml-FreshWorks_App_Sanity_Test_Suite" class="panel">
          <div class="main-panel-header rounded-window-top">
            <span class="header-content">E:\eclipse workspace\July2021SeleniumProject\src\test\resources\testrunners\testng_sanity.xml</span>
          </div> <!-- main-panel-header rounded-window-top -->
          <div class="main-panel-content rounded-window-bottom">
            <pre>
&lt;?xml version=&quot;1.0&quot; encoding=&quot;UTF-8&quot;?&gt;
&lt;!DOCTYPE suite SYSTEM &quot;http://testng.org/testng-1.0.dtd&quot;&gt;
&lt;suite guice-stage=&quot;DEVELOPMENT&quot; verbose=&quot;0&quot; name=&quot;FreshWorks App Sanity Test Suite&quot;&gt;
  &lt;listeners&gt;
    &lt;listener class-name=&quot;com.qa.freshworks.listeners.ScreenshotListener&quot;/&gt;
  &lt;/listeners&gt;
  &lt;test verbose=&quot;2&quot; name=&quot;Regression Functional Sanity Test&quot;&gt;
    &lt;classes&gt;
      &lt;class name=&quot;com.qa.freshworks.tests.LoginPageTest&quot;/&gt;
    &lt;/classes&gt;
  &lt;/test&gt; &lt;!-- Regression Functional Sanity Test --&gt;
&lt;/suite&gt; &lt;!-- FreshWorks App Sanity Test Suite --&gt;
            </pre>
          </div> <!-- main-panel-content rounded-window-bottom -->
        </div> <!-- panel -->
        <div panel-name="testlist-FreshWorks_App_Sanity_Test_Suite" class="panel">
          <div class="main-panel-header rounded-window-top">
            <span class="header-content">Tests for FreshWorks App Sanity Test Suite</span>
          </div> <!-- main-panel-header rounded-window-top -->
          <div class="main-panel-content rounded-window-bottom">
            <ul>
              <li>
                <span class="test-name">Regression Functional Sanity Test (1 class)</span>
              </li>
            </ul>
          </div> <!-- main-panel-content rounded-window-bottom -->
        </div> <!-- panel -->
        <div panel-name="group-FreshWorks_App_Sanity_Test_Suite" class="panel">
          <div class="main-panel-header rounded-window-top">
            <span class="header-content">Groups for FreshWorks App Sanity Test Suite</span>
          </div> <!-- main-panel-header rounded-window-top -->
          <div class="main-panel-content rounded-window-bottom">
          </div> <!-- main-panel-content rounded-window-bottom -->
        </div> <!-- panel -->
        <div panel-name="times-FreshWorks_App_Sanity_Test_Suite" class="panel">
          <div class="main-panel-header rounded-window-top">
            <span class="header-content">Times for FreshWorks App Sanity Test Suite</span>
          </div> <!-- main-panel-header rounded-window-top -->
          <div class="main-panel-content rounded-window-bottom">
            <div class="times-div">
              <script type="text/javascript">
suiteTableInitFunctions.push('tableData_FreshWorks_App_Sanity_Test_Suite');
function tableData_FreshWorks_App_Sanity_Test_Suite() {
var data = new google.visualization.DataTable();
data.addColumn('number', 'Number');
data.addColumn('string', 'Method');
data.addColumn('string', 'Class');
data.addColumn('number', 'Time (ms)');
data.addRows(4);
data.setCell(0, 0, 0)
data.setCell(0, 1, 'doLoginTest')
data.setCell(0, 2, 'com.qa.freshworks.tests.LoginPageTest')
data.setCell(0, 3, 35018);
data.setCell(1, 0, 1)
data.setCell(1, 1, 'verifyLoginPageLogoTest')
data.setCell(1, 2, 'com.qa.freshworks.tests.LoginPageTest')
data.setCell(1, 3, 5423);
data.setCell(2, 0, 2)
data.setCell(2, 1, 'verifyTermsLinkTest')
data.setCell(2, 2, 'com.qa.freshworks.tests.LoginPageTest')
data.setCell(2, 3, 358);
data.setCell(3, 0, 3)
data.setCell(3, 1, 'verifyLoginPageTitleTest')
data.setCell(3, 2, 'com.qa.freshworks.tests.LoginPageTest')
data.setCell(3, 3, 89);
window.suiteTableData['FreshWorks_App_Sanity_Test_Suite']= { tableData: data, tableDiv: 'times-div-FreshWorks_App_Sanity_Test_Suite'}
return data;
}
              </script>
              <span class="suite-total-time">Total running time: 40 seconds</span>
              <div id="times-div-FreshWorks_App_Sanity_Test_Suite">
              </div> <!-- times-div-FreshWorks_App_Sanity_Test_Suite -->
            </div> <!-- times-div -->
          </div> <!-- main-panel-content rounded-window-bottom -->
        </div> <!-- panel -->
        <div panel-name="reporter-FreshWorks_App_Sanity_Test_Suite" class="panel">
          <div class="main-panel-header rounded-window-top">
            <span class="header-content">Reporter output for FreshWorks App Sanity Test Suite</span>
          </div> <!-- main-panel-header rounded-window-top -->
          <div class="main-panel-content rounded-window-bottom">
            <div class="reporter-method-div">
              <span class="reporter-method-name">doLoginTest</span>
              <div class="reporter-method-output-div">
                <span class="reporter-method-output"><a href='E:\eclipse workspace\July2021SeleniumProject\target\surefire-reports\failure_screenshots\doLoginTest_15_07_2021_05_16_06.png'> <img src='E:\eclipse workspace\July2021SeleniumProject\target\surefire-reports\failure_screenshots\doLoginTest_15_07_2021_05_16_06.png' height='100' width='100'/> </a></span>
              </div> <!-- reporter-method-output-div -->
            </div> <!-- reporter-method-div -->
          </div> <!-- main-panel-content rounded-window-bottom -->
        </div> <!-- panel -->
        <div panel-name="ignored-methods-FreshWorks_App_Sanity_Test_Suite" class="panel">
          <div class="main-panel-header rounded-window-top">
            <span class="header-content">0 ignored methods</span>
          </div> <!-- main-panel-header rounded-window-top -->
          <div class="main-panel-content rounded-window-bottom">
          </div> <!-- main-panel-content rounded-window-bottom -->
        </div> <!-- panel -->
        <div panel-name="chronological-FreshWorks_App_Sanity_Test_Suite" class="panel">
          <div class="main-panel-header rounded-window-top">
            <span class="header-content">Methods in chronological order</span>
          </div> <!-- main-panel-header rounded-window-top -->
          <div class="main-panel-content rounded-window-bottom">
            <div class="chronological-class">
              <div class="chronological-class-name">com.qa.freshworks.tests.LoginPageTest</div> <!-- chronological-class-name -->
              <div class="configuration-test before">
                <span class="method-name">setUp</span>
                <span class="method-start">0 ms</span>
              </div> <!-- configuration-test before -->
              <div class="test-method">
                <span class="method-name">verifyLoginPageLogoTest</span>
                <span class="method-start">11422 ms</span>
              </div> <!-- test-method -->
              <div class="test-method">
                <span class="method-name">verifyLoginPageTitleTest</span>
                <span class="method-start">16973 ms</span>
              </div> <!-- test-method -->
              <div class="test-method">
                <span class="method-name">verifyTermsLinkTest</span>
                <span class="method-start">17065 ms</span>
              </div> <!-- test-method -->
              <div class="test-method">
                <img src="failed.png">
                </img>
                <span class="method-name">doLoginTest</span>
                <span class="method-start">17426 ms</span>
              </div> <!-- test-method -->
              <div class="configuration-test after">
                <span class="method-name">tearDown</span>
                <span class="method-start">53651 ms</span>
              </div> <!-- configuration-test after -->
          </div> <!-- main-panel-content rounded-window-bottom -->
        </div> <!-- panel -->
      </div> <!-- main-panel-root -->
    </div> <!-- wrapper -->
  </body>
</html>
