<?xml version="1.0" encoding="UTF-8"?>
<testng-results skipped="0" failed="1" total="4" passed="3">
  <reporter-output>
    <line>
      <![CDATA[<a href='E:\eclipse workspace\July2021SeleniumProject\target\surefire-reports\failure_screenshots\doLoginTest_15_07_2021_05_16_06.png'> <img src='E:\eclipse workspace\July2021SeleniumProject\target\surefire-reports\failure_screenshots\doLoginTest_15_07_2021_05_16_06.png' height='100' width='100'/> </a>]]>
    </line>
  </reporter-output>
  <suite name="FreshWorks App Sanity Test Suite" duration-ms="54625" started-at="2021-07-15T11:45:13Z" finished-at="2021-07-15T11:46:08Z">
    <groups>
    </groups>
    <test name="Regression Functional Sanity Test" duration-ms="54625" started-at="2021-07-15T11:45:13Z" finished-at="2021-07-15T11:46:08Z">
      <class name="com.qa.freshworks.tests.LoginPageTest">
        <test-method status="PASS" signature="setUp()[pri:0, instance:com.qa.freshworks.tests.LoginPageTest@2357d90a]" name="setUp" is-config="true" duration-ms="11408" started-at="2021-07-15T17:15:13Z" finished-at="2021-07-15T17:15:25Z">
          <reporter-output>
          </reporter-output>
        </test-method> <!-- setUp -->
        <test-method status="PASS" signature="verifyLoginPageLogoTest()[pri:1, instance:com.qa.freshworks.tests.LoginPageTest@2357d90a]" name="verifyLoginPageLogoTest" duration-ms="5423" started-at="2021-07-15T17:15:25Z" finished-at="2021-07-15T17:15:30Z">
          <reporter-output>
          </reporter-output>
        </test-method> <!-- verifyLoginPageLogoTest -->
        <test-method status="PASS" signature="verifyLoginPageTitleTest()[pri:2, instance:com.qa.freshworks.tests.LoginPageTest@2357d90a]" name="verifyLoginPageTitleTest" duration-ms="89" started-at="2021-07-15T17:15:30Z" finished-at="2021-07-15T17:15:30Z">
          <reporter-output>
          </reporter-output>
        </test-method> <!-- verifyLoginPageTitleTest -->
        <test-method status="PASS" signature="verifyTermsLinkTest()[pri:3, instance:com.qa.freshworks.tests.LoginPageTest@2357d90a]" name="verifyTermsLinkTest" duration-ms="358" started-at="2021-07-15T17:15:30Z" finished-at="2021-07-15T17:15:31Z">
          <reporter-output>
          </reporter-output>
        </test-method> <!-- verifyTermsLinkTest -->
        <test-method status="FAIL" signature="doLoginTest()[pri:4, instance:com.qa.freshworks.tests.LoginPageTest@2357d90a]" name="doLoginTest" duration-ms="35018" started-at="2021-07-15T17:15:31Z" finished-at="2021-07-15T17:16:06Z">
          <exception class="org.openqa.selenium.TimeoutException">
            <message>
              <![CDATA[Expected condition failed: waiting for presence of element located by: By.xpath: //h4[text()='Test Animation'] (tried for 30 second(s) with 500 milliseconds interval)]]>
            </message>
            <full-stacktrace>
              <![CDATA[org.openqa.selenium.TimeoutException: Expected condition failed: waiting for presence of element located by: By.xpath: //h4[text()='Test Animation'] (tried for 30 second(s) with 500 milliseconds interval)
	at org.openqa.selenium.support.ui.WebDriverWait.timeoutException(WebDriverWait.java:95)
	at org.openqa.selenium.support.ui.FluentWait.until(FluentWait.java:272)
	at com.qa.freshworks.util.ElementActions.waitForElementPresent(ElementActions.java:68)
	at com.qa.freshworks.pages.HomePage.getLoggedInUserName(HomePage.java:47)
	at com.qa.freshworks.tests.LoginPageTest.doLoginTest(LoginPageTest.java:77)
	at sun.reflect.NativeMethodAccessorImpl.invoke0(Native Method)
	at sun.reflect.NativeMethodAccessorImpl.invoke(NativeMethodAccessorImpl.java:62)
	at sun.reflect.DelegatingMethodAccessorImpl.invoke(DelegatingMethodAccessorImpl.java:43)
	at java.lang.reflect.Method.invoke(Method.java:498)
	at org.testng.internal.MethodInvocationHelper.invokeMethod(MethodInvocationHelper.java:86)
	at org.testng.internal.Invoker.invokeMethod(Invoker.java:643)
	at org.testng.internal.Invoker.invokeTestMethod(Invoker.java:820)
	at org.testng.internal.Invoker.invokeTestMethods(Invoker.java:1128)
	at org.testng.internal.TestMethodWorker.invokeTestMethods(TestMethodWorker.java:129)
	at org.testng.internal.TestMethodWorker.run(TestMethodWorker.java:112)
	at org.testng.TestRunner.privateRun(TestRunner.java:782)
	at org.testng.TestRunner.run(TestRunner.java:632)
	at org.testng.SuiteRunner.runTest(SuiteRunner.java:366)
	at org.testng.SuiteRunner.runSequentially(SuiteRunner.java:361)
	at org.testng.SuiteRunner.privateRun(SuiteRunner.java:319)
	at org.testng.SuiteRunner.run(SuiteRunner.java:268)
	at org.testng.SuiteRunnerWorker.runSuite(SuiteRunnerWorker.java:52)
	at org.testng.SuiteRunnerWorker.run(SuiteRunnerWorker.java:86)
	at org.testng.TestNG.runSuitesSequentially(TestNG.java:1244)
	at org.testng.TestNG.runSuitesLocally(TestNG.java:1169)
	at org.testng.TestNG.run(TestNG.java:1064)
	at org.apache.maven.surefire.testng.TestNGExecutor.run(TestNGExecutor.java:283)
	at org.apache.maven.surefire.testng.TestNGXmlTestSuite.execute(TestNGXmlTestSuite.java:75)
	at org.apache.maven.surefire.testng.TestNGProvider.invoke(TestNGProvider.java:120)
	at org.apache.maven.surefire.booter.ForkedBooter.invokeProviderInSameClassLoader(ForkedBooter.java:386)
	at org.apache.maven.surefire.booter.ForkedBooter.runSuitesInProcess(ForkedBooter.java:323)
	at org.apache.maven.surefire.booter.ForkedBooter.main(ForkedBooter.java:143)
Caused by: org.openqa.selenium.NoSuchElementException: no such element: Unable to locate element: {"method":"xpath","selector":"//h4[text()='Test Animation']"}
  (Session info: chrome=91.0.4472.124)
For documentation on this error, please visit: https://www.seleniumhq.org/exceptions/no_such_element.html
Build info: version: '3.141.59', revision: 'e82be7d358', time: '2018-11-14T08:17:03'
System info: host: 'KHAJAZAKIUDDIN', ip: '192.168.29.169', os.name: 'Windows 7', os.arch: 'amd64', os.version: '6.1', java.version: '1.8.0_131'
Driver info: org.openqa.selenium.chrome.ChromeDriver
Capabilities {acceptInsecureCerts: false, browserName: chrome, browserVersion: 91.0.4472.124, chrome: {chromedriverVersion: 91.0.4472.101 (af52a90bf870..., userDataDir: C:\Users\KHAJAZ~1\AppData\L...}, goog:chromeOptions: {debuggerAddress: localhost:56557}, javascriptEnabled: true, networkConnectionEnabled: false, pageLoadStrategy: normal, platform: WINDOWS, platformName: WINDOWS, proxy: Proxy(), setWindowRect: true, strictFileInteractability: false, timeouts: {implicit: 0, pageLoad: 300000, script: 30000}, unhandledPromptBehavior: dismiss and notify, webauthn:extension:largeBlob: true, webauthn:virtualAuthenticators: true}
Session ID: ee2c340ec0de342ac3148c97b9bea666
*** Element info: {Using=xpath, value=//h4[text()='Test Animation']}
	at sun.reflect.GeneratedConstructorAccessor11.newInstance(Unknown Source)
	at sun.reflect.DelegatingConstructorAccessorImpl.newInstance(DelegatingConstructorAccessorImpl.java:45)
	at java.lang.reflect.Constructor.newInstance(Constructor.java:423)
	at org.openqa.selenium.remote.http.W3CHttpResponseCodec.createException(W3CHttpResponseCodec.java:187)
	at org.openqa.selenium.remote.http.W3CHttpResponseCodec.decode(W3CHttpResponseCodec.java:122)
	at org.openqa.selenium.remote.http.W3CHttpResponseCodec.decode(W3CHttpResponseCodec.java:49)
	at org.openqa.selenium.remote.HttpCommandExecutor.execute(HttpCommandExecutor.java:158)
	at org.openqa.selenium.remote.service.DriverCommandExecutor.execute(DriverCommandExecutor.java:83)
	at org.openqa.selenium.remote.RemoteWebDriver.execute(RemoteWebDriver.java:552)
	at org.openqa.selenium.remote.RemoteWebDriver.findElement(RemoteWebDriver.java:323)
	at org.openqa.selenium.remote.RemoteWebDriver.findElementByXPath(RemoteWebDriver.java:428)
	at org.openqa.selenium.By$ByXPath.findElement(By.java:353)
	at org.openqa.selenium.remote.RemoteWebDriver.findElement(RemoteWebDriver.java:315)
	at org.openqa.selenium.support.ui.ExpectedConditions$6.apply(ExpectedConditions.java:182)
	at org.openqa.selenium.support.ui.ExpectedConditions$6.apply(ExpectedConditions.java:179)
	at org.openqa.selenium.support.ui.FluentWait.until(FluentWait.java:249)
	... 30 more
]]>
            </full-stacktrace>
          </exception> <!-- org.openqa.selenium.TimeoutException -->
          <reporter-output>
            <line>
              <![CDATA[<a href='E:\eclipse workspace\July2021SeleniumProject\target\surefire-reports\failure_screenshots\doLoginTest_15_07_2021_05_16_06.png'> <img src='E:\eclipse workspace\July2021SeleniumProject\target\surefire-reports\failure_screenshots\doLoginTest_15_07_2021_05_16_06.png' height='100' width='100'/> </a>]]>
            </line>
          </reporter-output>
        </test-method> <!-- doLoginTest -->
        <test-method status="PASS" signature="tearDown()[pri:0, instance:com.qa.freshworks.tests.LoginPageTest@2357d90a]" name="tearDown" is-config="true" duration-ms="960" started-at="2021-07-15T17:16:07Z" finished-at="2021-07-15T17:16:08Z">
          <reporter-output>
          </reporter-output>
        </test-method> <!-- tearDown -->
      </class> <!-- com.qa.freshworks.tests.LoginPageTest -->
    </test> <!-- Regression Functional Sanity Test -->
  </suite> <!-- FreshWorks App Sanity Test Suite -->
</testng-results>
